<?xml version="1.0" encoding="UTF-8"?>
<testsuite xmlns:xsi="http://www.w3.org/2001/XMLSchema-instance" xsi:noNamespaceSchemaLocation="https://maven.apache.org/surefire/maven-surefire-plugin/xsd/surefire-test-report.xsd" name="com.streamlinity.ct.bst.BstTestDupsTests" time="16.845" tests="5" errors="5" skipped="0" failures="0">
  <properties>
[...]
</properties>
  <testcase name="testSearchInBstForExistingValue" classname="com.streamlinity.ct.bst.BstTestDupsTests" time="0.252">
    <error type="java.lang.NullPointerException">java.lang.NullPointerException
	at com.streamlinity.ct.bst.BstTestDupsTests.testSearchInBstForExistingValue(BstTestDupsTests.java:47)
</error>
    <system-out><![CDATA[15:12:50.532 [main] DEBUG org.springframework.test.context.junit4.SpringJUnit4ClassRunner - SpringJUnit4ClassRunner constructor called with [class com.streamlinity.ct.bst.BstTestDupsTests]
15:12:50.538 [main] DEBUG org.springframework.test.context.BootstrapUtils - Instantiating CacheAwareContextLoaderDelegate from class [org.springframework.test.context.cache.DefaultCacheAwareContextLoaderDelegate]
15:12:50.552 [main] DEBUG org.springframework.test.context.BootstrapUtils - Instantiating BootstrapContext using constructor [public org.springframework.test.context.support.DefaultBootstrapContext(java.lang.Class,org.springframework.test.context.CacheAwareContextLoaderDelegate)]
15:12:50.578 [main] DEBUG org.springframework.test.context.BootstrapUtils - Instantiating TestContextBootstrapper for test class [com.streamlinity.ct.bst.BstTestDupsTests] from class [org.springframework.boot.test.context.SpringBootTestContextBootstrapper]
15:12:50.598 [main] INFO org.springframework.boot.test.context.SpringBootTestContextBootstrapper - Neither @ContextConfiguration nor @ContextHierarchy found for test class [com.streamlinity.ct.bst.BstTestDupsTests], using SpringBootContextLoader
15:12:50.601 [main] DEBUG org.springframework.test.context.support.AbstractContextLoader - Did not detect default resource location for test class [com.streamlinity.ct.bst.BstTestDupsTests]: class path resource [com/streamlinity/ct/bst/BstTestDupsTests-context.xml] does not exist
15:12:50.602 [main] DEBUG org.springframework.test.context.support.AbstractContextLoader - Did not detect default resource location for test class [com.streamlinity.ct.bst.BstTestDupsTests]: class path resource [com/streamlinity/ct/bst/BstTestDupsTestsContext.groovy] does not exist
15:12:50.602 [main] INFO org.springframework.test.context.support.AbstractContextLoader - Could not detect default resource locations for test class [com.streamlinity.ct.bst.BstTestDupsTests]: no resource found for suffixes {-context.xml, Context.groovy}.
15:12:50.603 [main] INFO org.springframework.test.context.support.AnnotationConfigContextLoaderUtils - Could not detect default configuration classes for test class [com.streamlinity.ct.bst.BstTestDupsTests]: BstTestDupsTests does not declare any static, non-private, non-final, nested classes annotated with @Configuration.
15:12:50.667 [main] DEBUG org.springframework.test.context.support.ActiveProfilesUtils - Could not find an 'annotation declaring class' for annotation type [org.springframework.test.context.ActiveProfiles] and class [com.streamlinity.ct.bst.BstTestDupsTests]
15:12:50.780 [main] DEBUG org.springframework.context.annotation.ClassPathScanningCandidateComponentProvider - Identified candidate component class: file [/Users/lhe/Documents/JavaBatch_workspace_3/OnlineTest/target/classes/com/streamlinity/ct/bst/BstTestApplication.class]
15:12:50.782 [main] INFO org.springframework.boot.test.context.SpringBootTestContextBootstrapper - Found @SpringBootConfiguration com.streamlinity.ct.bst.BstTestApplication for test class com.streamlinity.ct.bst.BstTestDupsTests
15:12:50.882 [main] DEBUG org.springframework.boot.test.context.SpringBootTestContextBootstrapper - @TestExecutionListeners is not present for class [com.streamlinity.ct.bst.BstTestDupsTests]: using defaults.
15:12:50.884 [main] INFO org.springframework.boot.test.context.SpringBootTestContextBootstrapper - Loaded default TestExecutionListener class names from location [META-INF/spring.factories]: [org.springframework.boot.test.mock.mockito.MockitoTestExecutionListener, org.springframework.boot.test.mock.mockito.ResetMocksTestExecutionListener, org.springframework.boot.test.autoconfigure.restdocs.RestDocsTestExecutionListener, org.springframework.boot.test.autoconfigure.web.client.MockRestServiceServerResetTestExecutionListener, org.springframework.boot.test.autoconfigure.web.servlet.MockMvcPrintOnlyOnFailureTestExecutionListener, org.springframework.boot.test.autoconfigure.web.servlet.WebDriverTestExecutionListener, org.springframework.test.context.web.ServletTestExecutionListener, org.springframework.test.context.support.DirtiesContextBeforeModesTestExecutionListener, org.springframework.test.context.support.DependencyInjectionTestExecutionListener, org.springframework.test.context.support.DirtiesContextTestExecutionListener, org.springframework.test.context.transaction.TransactionalTestExecutionListener, org.springframework.test.context.jdbc.SqlScriptsTestExecutionListener]
15:12:50.905 [main] DEBUG org.springframework.boot.test.context.SpringBootTestContextBootstrapper - Skipping candidate TestExecutionListener [org.springframework.test.context.web.ServletTestExecutionListener] due to a missing dependency. Specify custom listener classes or make the default listener classes and their required dependencies available. Offending class: [javax/servlet/ServletContext]
15:12:50.907 [main] DEBUG org.springframework.boot.test.context.SpringBootTestContextBootstrapper - Skipping candidate TestExecutionListener [org.springframework.test.context.transaction.TransactionalTestExecutionListener] due to a missing dependency. Specify custom listener classes or make the default listener classes and their required dependencies available. Offending class: [org/springframework/transaction/interceptor/TransactionAttributeSource]
15:12:50.910 [main] DEBUG org.springframework.boot.test.context.SpringBootTestContextBootstrapper - Skipping candidate TestExecutionListener [org.springframework.test.context.jdbc.SqlScriptsTestExecutionListener] due to a missing dependency. Specify custom listener classes or make the default listener classes and their required dependencies available. Offending class: [org/springframework/transaction/interceptor/TransactionAttribute]
15:12:50.912 [main] INFO org.springframework.boot.test.context.SpringBootTestContextBootstrapper - Using TestExecutionListeners: [org.springframework.test.context.support.DirtiesContextBeforeModesTestExecutionListener@64cd705f, org.springframework.boot.test.mock.mockito.MockitoTestExecutionListener@9225652, org.springframework.boot.test.autoconfigure.SpringBootDependencyInjectionTestExecutionListener@654f0d9c, org.springframework.test.context.support.DirtiesContextTestExecutionListener@6a400542, org.springframework.boot.test.mock.mockito.ResetMocksTestExecutionListener@6580cfdd, org.springframework.boot.test.autoconfigure.restdocs.RestDocsTestExecutionListener@7e0b85f9, org.springframework.boot.test.autoconfigure.web.client.MockRestServiceServerResetTestExecutionListener@63355449, org.springframework.boot.test.autoconfigure.web.servlet.MockMvcPrintOnlyOnFailureTestExecutionListener@9353778, org.springframework.boot.test.autoconfigure.web.servlet.WebDriverTestExecutionListener@6a28ffa4]
15:12:50.916 [main] DEBUG org.springframework.test.annotation.ProfileValueUtils - Retrieved @ProfileValueSourceConfiguration [null] for test class [com.streamlinity.ct.bst.BstTestDupsTests]
15:12:50.917 [main] DEBUG org.springframework.test.annotation.ProfileValueUtils - Retrieved ProfileValueSource type [class org.springframework.test.annotation.SystemProfileValueSource] for class [com.streamlinity.ct.bst.BstTestDupsTests]
15:12:50.918 [main] DEBUG org.springframework.test.annotation.ProfileValueUtils - Retrieved @ProfileValueSourceConfiguration [null] for test class [com.streamlinity.ct.bst.BstTestDupsTests]
15:12:50.918 [main] DEBUG org.springframework.test.annotation.ProfileValueUtils - Retrieved ProfileValueSource type [class org.springframework.test.annotation.SystemProfileValueSource] for class [com.streamlinity.ct.bst.BstTestDupsTests]
15:12:50.919 [main] DEBUG org.springframework.test.annotation.ProfileValueUtils - Retrieved @ProfileValueSourceConfiguration [null] for test class [com.streamlinity.ct.bst.BstTestDupsTests]
15:12:50.920 [main] DEBUG org.springframework.test.annotation.ProfileValueUtils - Retrieved ProfileValueSource type [class org.springframework.test.annotation.SystemProfileValueSource] for class [com.streamlinity.ct.bst.BstTestDupsTests]
15:12:50.926 [main] DEBUG org.springframework.test.context.support.AbstractDirtiesContextTestExecutionListener - Before test class: context [DefaultTestContext@3d51f06e testClass = BstTestDupsTests, testInstance = [null], testMethod = [null], testException = [null], mergedContextConfiguration = [MergedContextConfiguration@7ed7259e testClass = BstTestDupsTests, locations = '{}', classes = '{class com.streamlinity.ct.bst.BstTestApplication}', contextInitializerClasses = '[]', activeProfiles = '{}', propertySourceLocations = '{}', propertySourceProperties = '{org.springframework.boot.test.context.SpringBootTestContextBootstrapper=true}', contextCustomizers = set[org.springframework.boot.test.context.filter.ExcludeFilterContextCustomizer@614ddd49, org.springframework.boot.test.json.DuplicateJsonObjectContextCustomizerFactory$DuplicateJsonObjectContextCustomizer@1c3a4799, org.springframework.boot.test.mock.mockito.MockitoContextCustomizer@0, org.springframework.boot.test.web.client.TestRestTemplateContextCustomizer@6acdbdf5, org.springframework.boot.test.autoconfigure.properties.PropertyMappingContextCustomizer@0, org.springframework.boot.test.autoconfigure.web.servlet.WebDriverContextCustomizerFactory$Customizer@5faeada1], contextLoader = 'org.springframework.boot.test.context.SpringBootContextLoader', parent = [null]], attributes = map[[empty]]], class annotated with @DirtiesContext [false] with mode [null].
15:12:50.931 [main] DEBUG org.springframework.test.annotation.ProfileValueUtils - Retrieved @ProfileValueSourceConfiguration [null] for test class [com.streamlinity.ct.bst.BstTestDupsTests]
15:12:50.931 [main] DEBUG org.springframework.test.annotation.ProfileValueUtils - Retrieved ProfileValueSource type [class org.springframework.test.annotation.SystemProfileValueSource] for class [com.streamlinity.ct.bst.BstTestDupsTests]
15:12:50.935 [main] DEBUG org.springframework.test.context.support.DependencyInjectionTestExecutionListener - Performing dependency injection for test context [[DefaultTestContext@3d51f06e testClass = BstTestDupsTests, testInstance = com.streamlinity.ct.bst.BstTestDupsTests@20deea7f, testMethod = [null], testException = [null], mergedContextConfiguration = [MergedContextConfiguration@7ed7259e testClass = BstTestDupsTests, locations = '{}', classes = '{class com.streamlinity.ct.bst.BstTestApplication}', contextInitializerClasses = '[]', activeProfiles = '{}', propertySourceLocations = '{}', propertySourceProperties = '{org.springframework.boot.test.context.SpringBootTestContextBootstrapper=true}', contextCustomizers = set[org.springframework.boot.test.context.filter.ExcludeFilterContextCustomizer@614ddd49, org.springframework.boot.test.json.DuplicateJsonObjectContextCustomizerFactory$DuplicateJsonObjectContextCustomizer@1c3a4799, org.springframework.boot.test.mock.mockito.MockitoContextCustomizer@0, org.springframework.boot.test.web.client.TestRestTemplateContextCustomizer@6acdbdf5, org.springframework.boot.test.autoconfigure.properties.PropertyMappingContextCustomizer@0, org.springframework.boot.test.autoconfigure.web.servlet.WebDriverContextCustomizerFactory$Customizer@5faeada1], contextLoader = 'org.springframework.boot.test.context.SpringBootContextLoader', parent = [null]], attributes = map[[empty]]]].
15:12:50.964 [main] DEBUG org.springframework.test.context.support.TestPropertySourceUtils - Adding inlined properties to environment: {spring.jmx.enabled=false, org.springframework.boot.test.context.SpringBootTestContextBootstrapper=true, server.port=-1}

  .   ____          _            __ _ _
 /\\ / ___'_ __ _ _(_)_ __  __ _ \ \ \ \
( ( )\___ | '_ | '_| | '_ \/ _` | \ \ \ \
 \\/  ___)| |_)| | | | | || (_| |  ) ) ) )
  '  |____| .__|_| |_|_| |_\__, | / / / /
 =========|_|==============|___/=/_/_/_/
 :: Spring Boot ::        (v2.1.3.RELEASE)

2019-07-17 15:13:06.244  INFO 69815 --- [           main] c.streamlinity.ct.bst.BstTestDupsTests   : Starting BstTestDupsTests on SAY.local with PID 69815 (started by lhe in /Users/lhe/Documents/JavaBatch_workspace_3/OnlineTest)
2019-07-17 15:13:06.246  INFO 69815 --- [           main] c.streamlinity.ct.bst.BstTestDupsTests   : No active profile set, falling back to default profiles: default
2019-07-17 15:13:06.959  INFO 69815 --- [           main] c.streamlinity.ct.bst.BstTestDupsTests   : Started BstTestDupsTests in 15.99 seconds (JVM running for 16.855)
]]></system-out>
  </testcase>
  <testcase name="testClear" classname="com.streamlinity.ct.bst.BstTestDupsTests" time="0.002">
    <error type="java.lang.NullPointerException">java.lang.NullPointerException
	at com.streamlinity.ct.bst.BstTestDupsTests.testClear(BstTestDupsTests.java:103)
</error>
  </testcase>
  <testcase name="testValueCountInBst" classname="com.streamlinity.ct.bst.BstTestDupsTests" time="0.002">
    <error type="java.lang.NullPointerException">java.lang.NullPointerException
	at com.streamlinity.ct.bst.BstTestDupsTests.testValueCountInBst(BstTestDupsTests.java:38)
</error>
  </testcase>
  <testcase name="testSearchInBstForMissingValue" classname="com.streamlinity.ct.bst.BstTestDupsTests" time="0.002">
    <error type="java.lang.NullPointerException">java.lang.NullPointerException
	at com.streamlinity.ct.bst.BstTestDupsTests.testSearchInBstForMissingValue(BstTestDupsTests.java:67)
</error>
  </testcase>
  <testcase name="testCorrectBstTreeConstruction" classname="com.streamlinity.ct.bst.BstTestDupsTests" time="0.003">
    <error type="java.lang.NullPointerException">java.lang.NullPointerException
	at com.streamlinity.ct.bst.BstTestDupsTests.testCorrectBstTreeConstruction(BstTestDupsTests.java:85)
</error>
  </testcase>
</testsuite>