<?xml version="1.0" encoding="UTF-8"?>
<testsuite xmlns:xsi="http://www.w3.org/2001/XMLSchema-instance" xsi:noNamespaceSchemaLocation="https://maven.apache.org/surefire/maven-surefire-plugin/xsd/surefire-test-report.xsd" name="com.streamlinity.ct.bst.BstTestNoDupsTests" time="0.086" tests="5" errors="5" skipped="0" failures="0">
  <properties>
[...]
</properties>
  <testcase name="testSearchInBstForExistingValue" classname="com.streamlinity.ct.bst.BstTestNoDupsTests" time="0.009">
    <error type="java.lang.NullPointerException">java.lang.NullPointerException
	at com.streamlinity.ct.bst.BstTestNoDupsTests.testSearchInBstForExistingValue(BstTestNoDupsTests.java:71)
</error>
    <system-out><![CDATA[2019-07-17 15:13:07.233  INFO 69815 --- [           main] .b.t.c.SpringBootTestContextBootstrapper : Neither @ContextConfiguration nor @ContextHierarchy found for test class [com.streamlinity.ct.bst.BstTestNoDupsTests], using SpringBootContextLoader
2019-07-17 15:13:07.234  INFO 69815 --- [           main] o.s.t.c.support.AbstractContextLoader    : Could not detect default resource locations for test class [com.streamlinity.ct.bst.BstTestNoDupsTests]: no resource found for suffixes {-context.xml, Context.groovy}.
2019-07-17 15:13:07.235  INFO 69815 --- [           main] t.c.s.AnnotationConfigContextLoaderUtils : Could not detect default configuration classes for test class [com.streamlinity.ct.bst.BstTestNoDupsTests]: BstTestNoDupsTests does not declare any static, non-private, non-final, nested classes annotated with @Configuration.
2019-07-17 15:13:07.237  INFO 69815 --- [           main] .b.t.c.SpringBootTestContextBootstrapper : Found @SpringBootConfiguration com.streamlinity.ct.bst.BstTestApplication for test class com.streamlinity.ct.bst.BstTestNoDupsTests
2019-07-17 15:13:07.288  INFO 69815 --- [           main] .b.t.c.SpringBootTestContextBootstrapper : Loaded default TestExecutionListener class names from location [META-INF/spring.factories]: [org.springframework.boot.test.mock.mockito.MockitoTestExecutionListener, org.springframework.boot.test.mock.mockito.ResetMocksTestExecutionListener, org.springframework.boot.test.autoconfigure.restdocs.RestDocsTestExecutionListener, org.springframework.boot.test.autoconfigure.web.client.MockRestServiceServerResetTestExecutionListener, org.springframework.boot.test.autoconfigure.web.servlet.MockMvcPrintOnlyOnFailureTestExecutionListener, org.springframework.boot.test.autoconfigure.web.servlet.WebDriverTestExecutionListener, org.springframework.test.context.web.ServletTestExecutionListener, org.springframework.test.context.support.DirtiesContextBeforeModesTestExecutionListener, org.springframework.test.context.support.DependencyInjectionTestExecutionListener, org.springframework.test.context.support.DirtiesContextTestExecutionListener, org.springframework.test.context.transaction.TransactionalTestExecutionListener, org.springframework.test.context.jdbc.SqlScriptsTestExecutionListener]
2019-07-17 15:13:07.300  INFO 69815 --- [           main] .b.t.c.SpringBootTestContextBootstrapper : Using TestExecutionListeners: [org.springframework.test.context.support.DirtiesContextBeforeModesTestExecutionListener@69637b10, org.springframework.boot.test.mock.mockito.MockitoTestExecutionListener@71984c3, org.springframework.boot.test.autoconfigure.SpringBootDependencyInjectionTestExecutionListener@165b2f7f, org.springframework.test.context.support.DirtiesContextTestExecutionListener@5536379e, org.springframework.boot.test.mock.mockito.ResetMocksTestExecutionListener@277f7dd3, org.springframework.boot.test.autoconfigure.restdocs.RestDocsTestExecutionListener@6c8bca63, org.springframework.boot.test.autoconfigure.web.client.MockRestServiceServerResetTestExecutionListener@2364305a, org.springframework.boot.test.autoconfigure.web.servlet.MockMvcPrintOnlyOnFailureTestExecutionListener@470a696f, org.springframework.boot.test.autoconfigure.web.servlet.WebDriverTestExecutionListener@1bc715b8]
]]></system-out>
  </testcase>
  <testcase name="testClear" classname="com.streamlinity.ct.bst.BstTestNoDupsTests" time="0.001">
    <error type="java.lang.NullPointerException">java.lang.NullPointerException
	at com.streamlinity.ct.bst.BstTestNoDupsTests.testClear(BstTestNoDupsTests.java:102)
</error>
  </testcase>
  <testcase name="testValueCountInBst" classname="com.streamlinity.ct.bst.BstTestNoDupsTests" time="0.006">
    <error type="java.lang.NullPointerException">java.lang.NullPointerException
	at com.streamlinity.ct.bst.BstTestNoDupsTests.testValueCountInBst(BstTestNoDupsTests.java:38)
</error>
  </testcase>
  <testcase name="testSearchInBstForMissingValue" classname="com.streamlinity.ct.bst.BstTestNoDupsTests" time="0.006">
    <error type="java.lang.NullPointerException">java.lang.NullPointerException
	at com.streamlinity.ct.bst.BstTestNoDupsTests.testSearchInBstForMissingValue(BstTestNoDupsTests.java:89)
</error>
  </testcase>
  <testcase name="testCorrectBstTreeConstruction" classname="com.streamlinity.ct.bst.BstTestNoDupsTests" time="0.003">
    <error type="java.lang.NullPointerException">java.lang.NullPointerException
	at com.streamlinity.ct.bst.BstTestNoDupsTests.testCorrectBstTreeConstruction(BstTestNoDupsTests.java:52)
</error>
  </testcase>
</testsuite>